../player/Baddie.plr
../player/Bastard.plr
../player/Bheru.plr
../player/Blak.plr
../player/Brume.plr
../player/Cabdrus.plr
../player/Cadwiss.plr
../player/Dernam.plr
../player/Elyonthil.plr
../player/Enoog.plr
../player/Ghurd.plr
../player/Goodie.plr
../player/Gurd.plr
../player/Iannor.plr
../player/Kithsadonia.plr
../player/Krunk.plr
../player/Murderbot.plr
../player/Paradox.plr
../player/Remy.plr
../player/Remytoo.plr
../player/Renshaki.plr
../player/Rurne.plr
../player/Sallis.plr
../player/Seerman.plr
../player/Sorcerson.plr
../player/Studis.plr
../player/Tirvol.plr
../player/Torrehl.plr
../player/Vhonlen.plr
../player/Wheels.plr
../player/Zerliae.plr
../player/Zzz.plr
